<?xml version='1.0' encoding='UTF-8'?>
<testsuite hostname="MacBook-Pro-3" name="GameFnsTest" tests="8" errors="0" failures="0" skipped="0" time="0.069" timestamp="2019-10-30T21:10:59">
                     <properties>
[...]
</properties>
                     <testcase classname="GameFnsTest" name="createDeck should add only Blanks" time="0.035">
                                                 
                                               </testcase><testcase classname="GameFnsTest" name="createDeck should add only Explosives" time="0.001">
                                                 
                                               </testcase><testcase classname="GameFnsTest" name="createDeck should add mixed card types" time="0.026">
                                                 
                                               </testcase><testcase classname="GameFnsTest" name="empty" time="0.002">
                                                 
                                               </testcase><testcase classname="GameFnsTest" name="draw should handle next card is Blank" time="0.002">
                                                 
                                               </testcase><testcase classname="GameFnsTest" name="draw should handle next card is Explode" time="0.001">
                                                 
                                               </testcase><testcase classname="GameFnsTest" name="draw should handle last card is Blank" time="0.001">
                                                 
                                               </testcase><testcase classname="GameFnsTest" name="draw should handle last card is Explode" time="0.001">
                                                 
                                               </testcase>
                     <system-out><![CDATA[]]></system-out>
                     <system-err><![CDATA[]]></system-err>
                   </testsuite>